::1 - - [25/Jun/2024:18:14:57 +0300] "GET /index.php HTTP/1.1" 200 73979
::1 - - [25/Jun/2024:18:15:57 +0300] "-" 408 -
::1 - - [30/Jun/2024:20:30:57 +0300] "GET /index.php HTTP/1.1" 200 397
::1 - - [30/Jun/2024:20:30:57 +0300] "GET /favicon.ico HTTP/1.1" 404 196
::1 - - [30/Jun/2024:20:31:57 +0300] "-" 408 -
::1 - - [30/Jun/2024:20:35:31 +0300] "GET /index.php HTTP/1.1" 200 423
::1 - - [30/Jun/2024:20:36:31 +0300] "-" 408 -
::1 - - [30/Jun/2024:20:38:14 +0300] "GET /%D0%A2%D0%B5%D1%81%D1%82.htaccess HTTP/1.1" 200 14
::1 - - [30/Jun/2024:20:39:14 +0300] "-" 408 -
::1 - - [30/Jun/2024:20:39:16 +0300] "GET /index.php HTTP/1.1" 200 423
::1 - - [30/Jun/2024:20:40:16 +0300] "-" 408 -
::1 - - [30/Jun/2024:20:40:23 +0300] "GET /index.php HTTP/1.1" 200 409
::1 - - [30/Jun/2024:20:40:25 +0300] "GET /index.php HTTP/1.1" 200 409
::1 - - [30/Jun/2024:20:40:25 +0300] "GET /index.php HTTP/1.1" 200 409
::1 - - [30/Jun/2024:20:40:25 +0300] "GET /index.php HTTP/1.1" 200 409
::1 - - [30/Jun/2024:20:40:26 +0300] "GET /index.php HTTP/1.1" 200 409
::1 - - [30/Jun/2024:20:40:26 +0300] "GET /index.php HTTP/1.1" 200 409
::1 - - [30/Jun/2024:20:40:26 +0300] "GET /index.php HTTP/1.1" 200 409
::1 - - [30/Jun/2024:20:40:26 +0300] "GET /index.php HTTP/1.1" 200 409
::1 - - [30/Jun/2024:20:40:26 +0300] "GET /index.php HTTP/1.1" 200 409
::1 - - [30/Jun/2024:20:40:26 +0300] "GET /index.php HTTP/1.1" 200 409
::1 - - [30/Jun/2024:20:41:23 +0300] "-" 408 -
::1 - - [30/Jun/2024:21:46:40 +0300] "GET /index.php HTTP/1.1" 200 409
::1 - - [30/Jun/2024:21:47:17 +0300] "GET /index.php HTTP/1.1" 200 409
::1 - - [30/Jun/2024:21:47:58 +0300] "GET /index.php HTTP/1.1" 200 409
::1 - - [30/Jun/2024:21:47:58 +0300] "GET /index.php HTTP/1.1" 200 409
::1 - - [30/Jun/2024:21:48:58 +0300] "-" 408 -
::1 - - [30/Jun/2024:23:31:34 +0300] "GET /index.php HTTP/1.1" 200 409
::1 - - [30/Jun/2024:23:32:02 +0300] "GET /db_connect.php HTTP/1.1" 200 205
::1 - - [30/Jun/2024:23:33:02 +0300] "-" 408 -
::1 - - [30/Jun/2024:23:41:55 +0300] "GET /index.php HTTP/1.1" 200 409
::1 - - [30/Jun/2024:23:42:07 +0300] "GET /db_connect.php HTTP/1.1" 200 209
::1 - - [30/Jun/2024:23:43:07 +0300] "-" 408 -
::1 - - [30/Jun/2024:23:43:21 +0300] "GET /db_connect.php HTTP/1.1" 200 209
::1 - - [30/Jun/2024:23:43:22 +0300] "GET /db_connect.php HTTP/1.1" 200 209
::1 - - [30/Jun/2024:23:44:20 +0300] "GET /db_connect.php HTTP/1.1" 200 210
::1 - - [30/Jun/2024:23:44:20 +0300] "GET /db_connect.php HTTP/1.1" 200 210
::1 - - [30/Jun/2024:23:44:20 +0300] "GET /db_connect.php HTTP/1.1" 200 210
::1 - - [30/Jun/2024:23:45:20 +0300] "-" 408 -
::1 - - [30/Jun/2024:23:45:26 +0300] "GET /index.php HTTP/1.1" 200 74140
::1 - - [30/Jun/2024:23:53:36 +0300] "GET /db_connect.php HTTP/1.1" 200 210
::1 - - [30/Jun/2024:23:54:36 +0300] "-" 408 -
::1 - - [30/Jun/2024:23:55:10 +0300] "GET /db_connect.php HTTP/1.1" 200 210
::1 - - [30/Jun/2024:23:55:31 +0300] "GET /index.php HTTP/1.1" 200 75397
::1 - - [30/Jun/2024:23:56:31 +0300] "-" 408 -
::1 - - [01/Jul/2024:00:01:17 +0300] "GET /db_connect.php HTTP/1.1" 200 210
::1 - - [01/Jul/2024:00:01:19 +0300] "GET /index.php HTTP/1.1" 200 75633
::1 - - [01/Jul/2024:00:02:17 +0300] "-" 408 -
::1 - - [01/Jul/2024:00:03:23 +0300] "GET /index.php HTTP/1.1" 200 75814
::1 - - [01/Jul/2024:00:04:00 +0300] "GET /index.php HTTP/1.1" 200 76049
::1 - - [01/Jul/2024:00:04:01 +0300] "GET /index.php HTTP/1.1" 200 76050
::1 - - [01/Jul/2024:00:04:10 +0300] "GET /db_connect.php HTTP/1.1" 200 210
::1 - - [01/Jul/2024:00:05:10 +0300] "-" 408 -
::1 - - [01/Jul/2024:00:14:32 +0300] "GET /index.php HTTP/1.1" 200 74084
::1 - - [01/Jul/2024:00:15:12 +0300] "GET /index.php HTTP/1.1" 200 74320
::1 - - [01/Jul/2024:00:16:12 +0300] "-" 408 -
::1 - - [01/Jul/2024:00:18:23 +0300] "GET /index.php HTTP/1.1" 200 74320
::1 - - [01/Jul/2024:00:18:23 +0300] "GET /index.php HTTP/1.1" 200 74320
::1 - - [01/Jul/2024:00:19:06 +0300] "GET /index.php HTTP/1.1" 200 73667
::1 - - [01/Jul/2024:00:20:01 +0300] "-" 408 -
